2013-11-30 21:48:10.198 HelloWorld[33095:18e03] Multi-tasking -> Device: YES, App: YES
2013-11-30 21:48:10.205 HelloWorld[33095:18e03] Unlimited access to network resources
2013-11-30 21:48:10.237 HelloWorld[33095:18e03] Resetting plugins due to page load.
2013-11-30 21:48:11.004 HelloWorld[33095:18e03] Finished load of: file:///Users/jiekebo/Library/Application%20Support/iPhone%20Simulator/6.1/Applications/C6DB7574-47F4-4E9B-9EB1-597943119631/HelloWorld.app/www/index.html
Terminating in response to SpringBoard's termination.
2013-11-30 21:59:26.019 HelloWorld[34710:18e03] Multi-tasking -> Device: YES, App: YES
2013-11-30 21:59:26.026 HelloWorld[34710:18e03] Unlimited access to network resources
2013-11-30 21:59:26.060 HelloWorld[34710:18e03] Resetting plugins due to page load.
2013-11-30 21:59:26.402 HelloWorld[34710:18e03] Finished load of: file:///Users/jiekebo/Library/Application%20Support/iPhone%20Simulator/6.1/Applications/C6DB7574-47F4-4E9B-9EB1-597943119631/HelloWorld.app/www/index.html
2013-11-30 22:01:41.582 HelloWorld[35396:18e03] Multi-tasking -> Device: YES, App: YES
2013-11-30 22:01:41.593 HelloWorld[35396:18e03] Unlimited access to network resources
2013-11-30 22:01:41.624 HelloWorld[35396:18e03] Resetting plugins due to page load.
2013-11-30 22:01:41.944 HelloWorld[35396:18e03] Finished load of: file:///Users/jiekebo/Library/Application%20Support/iPhone%20Simulator/6.1/Applications/C6DB7574-47F4-4E9B-9EB1-597943119631/HelloWorld.app/www/index.html
Terminating in response to SpringBoard's termination.
2013-11-30 22:09:35.355 HelloWorld[36021:18e03] Multi-tasking -> Device: YES, App: YES
2013-11-30 22:09:35.365 HelloWorld[36021:18e03] Unlimited access to network resources
2013-11-30 22:09:35.403 HelloWorld[36021:18e03] Resetting plugins due to page load.
2013-11-30 22:09:35.764 HelloWorld[36021:18e03] Finished load of: file:///Users/jiekebo/Library/Application%20Support/iPhone%20Simulator/6.1/Applications/C6DB7574-47F4-4E9B-9EB1-597943119631/HelloWorld.app/www/index.html
2013-11-30 22:11:05.287 HelloWorld[36568:18e03] Multi-tasking -> Device: YES, App: YES
2013-11-30 22:11:05.297 HelloWorld[36568:18e03] Unlimited access to network resources
2013-11-30 22:11:05.334 HelloWorld[36568:18e03] Resetting plugins due to page load.
2013-11-30 22:11:05.685 HelloWorld[36568:18e03] Finished load of: file:///Users/jiekebo/Library/Application%20Support/iPhone%20Simulator/6.1/Applications/C6DB7574-47F4-4E9B-9EB1-597943119631/HelloWorld.app/www/index.html
2013-11-30 22:12:00.200 HelloWorld[36568:18e03] Simulator slow-motion animations are now on
2013-11-30 22:12:10.338 HelloWorld[37021:18e03] Multi-tasking -> Device: YES, App: YES
2013-11-30 22:12:10.346 HelloWorld[37021:18e03] Unlimited access to network resources
2013-11-30 22:12:10.378 HelloWorld[37021:18e03] Resetting plugins due to page load.
2013-11-30 22:12:10.716 HelloWorld[37021:18e03] Finished load of: file:///Users/jiekebo/Library/Application%20Support/iPhone%20Simulator/6.1/Applications/C6DB7574-47F4-4E9B-9EB1-597943119631/HelloWorld.app/www/index.html
2013-11-30 22:12:56.431 HelloWorld[37472:18e03] Multi-tasking -> Device: YES, App: YES
2013-11-30 22:12:56.441 HelloWorld[37472:18e03] Unlimited access to network resources
2013-11-30 22:12:56.529 HelloWorld[37472:18e03] Resetting plugins due to page load.
2013-11-30 22:12:56.827 HelloWorld[37472:18e03] Finished load of: file:///Users/jiekebo/Library/Application%20Support/iPhone%20Simulator/6.1/Applications/9C1E3B31-155E-4DAC-8151-0419741699E8/HelloWorld.app/www/index.html
2013-11-30 22:17:04.911 HelloWorld[38133:18e03] Multi-tasking -> Device: YES, App: YES
2013-11-30 22:17:04.920 HelloWorld[38133:18e03] Unlimited access to network resources
2013-11-30 22:17:04.955 HelloWorld[38133:18e03] Resetting plugins due to page load.
2013-11-30 22:17:05.360 HelloWorld[38133:18e03] Finished load of: file:///Users/jiekebo/Library/Application%20Support/iPhone%20Simulator/6.1/Applications/9C1E3B31-155E-4DAC-8151-0419741699E8/HelloWorld.app/www/index.html
2013-11-30 22:24:20.941 HelloWorld[38757:18e03] Multi-tasking -> Device: YES, App: YES
2013-11-30 22:24:20.948 HelloWorld[38757:18e03] Unlimited access to network resources
2013-11-30 22:24:20.990 HelloWorld[38757:18e03] Resetting plugins due to page load.
2013-11-30 22:24:21.404 HelloWorld[38757:18e03] Finished load of: file:///Users/jiekebo/Library/Application%20Support/iPhone%20Simulator/6.1/Applications/9C1E3B31-155E-4DAC-8151-0419741699E8/HelloWorld.app/www/index.html
Terminating in response to SpringBoard's termination.
2013-11-30 22:32:50.492 HelloWorld[39524:18e03] Multi-tasking -> Device: YES, App: YES
2013-11-30 22:32:50.499 HelloWorld[39524:18e03] Unlimited access to network resources
2013-11-30 22:32:50.532 HelloWorld[39524:18e03] Resetting plugins due to page load.
2013-11-30 22:32:50.799 HelloWorld[39524:18e03] Finished load of: file:///Users/jiekebo/Library/Application%20Support/iPhone%20Simulator/6.1/Applications/9C1E3B31-155E-4DAC-8151-0419741699E8/HelloWorld.app/www/index.html
Terminating in response to SpringBoard's termination.
2013-11-30 22:55:45.451 HelloWorld[43658:18e03] Multi-tasking -> Device: YES, App: YES
2013-11-30 22:55:45.459 HelloWorld[43658:18e03] Unlimited access to network resources
2013-11-30 22:55:45.504 HelloWorld[43658:18e03] Resetting plugins due to page load.
2013-11-30 22:55:45.859 HelloWorld[43658:18e03] Finished load of: file:///Users/jiekebo/Library/Application%20Support/iPhone%20Simulator/6.1/Applications/9C1E3B31-155E-4DAC-8151-0419741699E8/HelloWorld.app/www/index.html
Terminating in response to SpringBoard's termination.
2013-11-30 22:58:52.936 HelloWorld[44172:18e03] Multi-tasking -> Device: YES, App: YES
2013-11-30 22:58:52.942 HelloWorld[44172:18e03] Unlimited access to network resources
2013-11-30 22:58:52.977 HelloWorld[44172:18e03] Resetting plugins due to page load.
2013-11-30 22:58:53.231 HelloWorld[44172:18e03] Finished load of: file:///Users/jiekebo/Library/Application%20Support/iPhone%20Simulator/6.1/Applications/9C1E3B31-155E-4DAC-8151-0419741699E8/HelloWorld.app/www/index.html
Terminating in response to SpringBoard's termination.
2013-11-30 23:00:18.576 HelloWorld[44675:18e03] Multi-tasking -> Device: YES, App: YES
2013-11-30 23:00:18.582 HelloWorld[44675:18e03] Unlimited access to network resources
2013-11-30 23:00:18.617 HelloWorld[44675:18e03] Resetting plugins due to page load.
2013-11-30 23:00:18.884 HelloWorld[44675:18e03] Finished load of: file:///Users/jiekebo/Library/Application%20Support/iPhone%20Simulator/6.1/Applications/9C1E3B31-155E-4DAC-8151-0419741699E8/HelloWorld.app/www/index.html
